{
  "stats": {
    "suites": 0,
    "tests": 1,
    "passes": 0,
    "pending": 0,
    "failures": 1,
    "start": "2026-07-03T17:36:03.126Z",
    "end": "2026-07-03T17:36:03.591Z",
    "duration": 465,
    "testsRegistered": 1,
    "passPercent": 0,
    "pendingPercent": 0,
    "other": 0,
    "hasOther": false,
    "skipped": 0,
    "hasSkipped": false
  },
  "results": [
    {
      "uuid": "50ab75fb-c86d-4e8b-83d0-03640a5caf00",
      "title": "",
      "fullFile": "cypress\\e2e\\employeeDataDriven.cy.js",
      "file": "cypress\\e2e\\employeeDataDriven.cy.js",
      "beforeHooks": [],
      "afterHooks": [],
      "tests": [
        {
          "title": "An uncaught error was detected outside of a test",
          "fullTitle": "An uncaught error was detected outside of a test",
          "timedOut": null,
          "duration": 288,
          "state": "failed",
          "speed": null,
          "pass": false,
          "fail": true,
          "pending": false,
          "context": null,
          "code": "throw err;",
          "err": {
            "message": "TypeError: The following error originated from your test code, not from Cypress.\n\n  > _EmployeePage.default is not a constructor\n\nWhen Cypress detects uncaught errors originating from your test code it will automatically fail the current test.\n\nCypress could not associate this error to any specific test.\n\nWe dynamically generated a new test to display this failure.",
            "estack": "TypeError: The following error originated from your test code, not from Cypress.\n\n  > _EmployeePage.default is not a constructor\n\nWhen Cypress detects uncaught errors originating from your test code it will automatically fail the current test.\n\nCypress could not associate this error to any specific test.\n\nWe dynamically generated a new test to display this failure.\n    at eval (webpack://qa-60-day-challenge/./cypress/e2e/employeeDataDriven.cy.js:3:17)\n    at eval (http://localhost:62679/__cypress/tests?p=cypress\\e2e\\employeeDataDriven.cy.js:98:3)\n    at eval (http://localhost:62679/__cypress/tests?p=cypress\\e2e\\employeeDataDriven.cy.js:100:12)\n    at eval (<anonymous>)\n    at <unknown> (http://localhost:62679/__cypress/runner/cypress_runner.js:111643:23)\n    at tryCatcher (http://localhost:62679/__cypress/runner/cypress_runner.js:1777:23)\n    at Object.gotValue (http://localhost:62679/__cypress/runner/cypress_runner.js:6446:18)\n    at Object.gotAccum (http://localhost:62679/__cypress/runner/cypress_runner.js:6435:25)\n    at Object.tryCatcher (http://localhost:62679/__cypress/runner/cypress_runner.js:1777:23)\n    at Promise._settlePromiseFromHandler (http://localhost:62679/__cypress/runner/cypress_runner.js:1489:31)",
            "diff": null
          },
          "uuid": "20e00ff3-b720-4d0b-89f3-b74cbc270409",
          "parentUUID": "50ab75fb-c86d-4e8b-83d0-03640a5caf00",
          "isHook": false,
          "skipped": false
        }
      ],
      "suites": [],
      "passes": [],
      "failures": [
        "20e00ff3-b720-4d0b-89f3-b74cbc270409"
      ],
      "pending": [],
      "skipped": [],
      "duration": 288,
      "root": true,
      "rootEmpty": false,
      "_timeout": 2000
    }
  ],
  "meta": {
    "mocha": {
      "version": "7.2.0"
    },
    "mochawesome": {
      "options": {
        "quiet": false,
        "reportFilename": "mochawesome",
        "saveHtml": false,
        "saveJson": true,
        "consoleReporter": "spec",
        "useInlineDiffs": false,
        "code": true
      },
      "version": "7.1.4"
    },
    "marge": {
      "options": {
        "overwrite": false,
        "html": false,
        "json": true,
        "reportDir": "cypress\\reports\\html\\.jsons"
      },
      "version": "6.3.2"
    }
  }
}